2024-06-12 16:08:36,745 [Worker-2: Loading available Gradle versions] INFO  o.e.b.c.i.u.g.PublishedGradleVersions - Gradle version information cache is up-to-date. Trying to read.
2024-06-12 16:09:00,392 [Worker-1: Importing Maven projects] INFO  o.e.m.c.i.l.LifecycleMappingFactory - Using org.eclipse.m2e.jdt.JarLifecycleMapping lifecycle mapping for MavenProject: com.app:SpringSecurity:0.0.1-SNAPSHOT @ D:\Spring Security\springsecurity\SpringSecurity\pom.xml.
2024-06-12 16:09:02,294 [Worker-1: Importing Maven projects] INFO  o.e.m.j.i.AbstractJavaProjectConfigurator - Adding source folder /SpringSecurity/src/main/java
2024-06-12 16:09:02,298 [Worker-1: Importing Maven projects] INFO  o.e.m.j.i.AbstractJavaProjectConfigurator - Adding resource folder /SpringSecurity/src/main/resources
2024-06-12 16:09:02,301 [Worker-1: Importing Maven projects] INFO  o.e.m.j.i.AbstractJavaProjectConfigurator - Adding resource folder /SpringSecurity/src/main/resources
2024-06-12 16:09:02,304 [Worker-1: Importing Maven projects] INFO  o.e.m.j.i.AbstractJavaProjectConfigurator - Adding source folder /SpringSecurity/src/test/java
2024-06-12 16:09:02,306 [Worker-1: Importing Maven projects] INFO  o.e.m.j.i.AbstractJavaProjectConfigurator - Adding resource folder /SpringSecurity/src/test/resources
2024-06-12 16:09:02,808 [Worker-1: Importing Maven projects] INFO  o.e.m.c.i.p.ProjectConfigurationManager - Imported and configured 1 project(s) in 4 sec
2024-06-12 16:09:04,396 [Worker-6: Building] INFO  o.a.m.s.f.DefaultMavenResourcesFiltering - Copying 1 resource from src\main\resources to target\classes
2024-06-12 16:09:04,425 [Worker-6: Building] INFO  o.a.m.s.f.DefaultMavenResourcesFiltering - Copying 0 resource from src\main\resources to target\classes
2024-06-12 16:09:04,433 [Worker-6: Building] INFO  o.a.m.s.f.DefaultMavenResourcesFiltering - skip non existing resourceDirectory D:\Spring Security\springsecurity\SpringSecurity\src\test\resources
2024-06-12 16:09:25,458 [Worker-8: Launching Executing verify in D__Spring Security_springsecurity_SpringSecurity] INFO  o.eclipse.m2e.core.internal.Bundles - getClasspathEntries(Bundle=org.eclipse.m2e.maven.runtime_3.9.600.20231203-1234 [354])
2024-06-12 16:09:25,461 [Worker-8: Launching Executing verify in D__Spring Security_springsecurity_SpringSecurity] INFO  o.eclipse.m2e.core.internal.Bundles - 	Entry: C:\sts-4.22.1.RELEASE\plugins\org.eclipse.m2e.maven.runtime_3.9.600.20231203-1234
2024-06-12 16:09:25,462 [Worker-8: Launching Executing verify in D__Spring Security_springsecurity_SpringSecurity] INFO  o.eclipse.m2e.core.internal.Bundles - 	Entry: C:\sts-4.22.1.RELEASE\plugins\org.eclipse.m2e.maven.runtime_3.9.600.20231203-1234\jars\aopalliance-1.0.jar
2024-06-12 16:09:25,462 [Worker-8: Launching Executing verify in D__Spring Security_springsecurity_SpringSecurity] INFO  o.eclipse.m2e.core.internal.Bundles - 	Entry: C:\sts-4.22.1.RELEASE\plugins\org.eclipse.m2e.maven.runtime_3.9.600.20231203-1234\jars\guice-5.1.0.jar
2024-06-12 16:09:25,462 [Worker-8: Launching Executing verify in D__Spring Security_springsecurity_SpringSecurity] INFO  o.eclipse.m2e.core.internal.Bundles - 	Entry: C:\sts-4.22.1.RELEASE\plugins\org.eclipse.m2e.maven.runtime_3.9.600.20231203-1234\jars\httpclient-4.5.14.jar
2024-06-12 16:09:25,462 [Worker-8: Launching Executing verify in D__Spring Security_springsecurity_SpringSecurity] INFO  o.eclipse.m2e.core.internal.Bundles - 	Entry: C:\sts-4.22.1.RELEASE\plugins\org.eclipse.m2e.maven.runtime_3.9.600.20231203-1234\jars\httpcore-4.4.16.jar
2024-06-12 16:09:25,462 [Worker-8: Launching Executing verify in D__Spring Security_springsecurity_SpringSecurity] INFO  o.eclipse.m2e.core.internal.Bundles - 	Entry: C:\sts-4.22.1.RELEASE\plugins\org.eclipse.m2e.maven.runtime_3.9.600.20231203-1234\jars\jansi-2.4.0.jar
2024-06-12 16:09:25,463 [Worker-8: Launching Executing verify in D__Spring Security_springsecurity_SpringSecurity] INFO  o.eclipse.m2e.core.internal.Bundles - 	Entry: C:\sts-4.22.1.RELEASE\plugins\org.eclipse.m2e.maven.runtime_3.9.600.20231203-1234\jars\jcl-over-slf4j-1.7.36.jar
2024-06-12 16:09:25,463 [Worker-8: Launching Executing verify in D__Spring Security_springsecurity_SpringSecurity] INFO  o.eclipse.m2e.core.internal.Bundles - 	Entry: C:\sts-4.22.1.RELEASE\plugins\org.eclipse.m2e.maven.runtime_3.9.600.20231203-1234\jars\maven-artifact-3.9.6.jar
2024-06-12 16:09:25,463 [Worker-8: Launching Executing verify in D__Spring Security_springsecurity_SpringSecurity] INFO  o.eclipse.m2e.core.internal.Bundles - 	Entry: C:\sts-4.22.1.RELEASE\plugins\org.eclipse.m2e.maven.runtime_3.9.600.20231203-1234\jars\maven-builder-support-3.9.6.jar
2024-06-12 16:09:25,463 [Worker-8: Launching Executing verify in D__Spring Security_springsecurity_SpringSecurity] INFO  o.eclipse.m2e.core.internal.Bundles - 	Entry: C:\sts-4.22.1.RELEASE\plugins\org.eclipse.m2e.maven.runtime_3.9.600.20231203-1234\jars\maven-compat-3.9.6.jar
2024-06-12 16:09:25,463 [Worker-8: Launching Executing verify in D__Spring Security_springsecurity_SpringSecurity] INFO  o.eclipse.m2e.core.internal.Bundles - 	Entry: C:\sts-4.22.1.RELEASE\plugins\org.eclipse.m2e.maven.runtime_3.9.600.20231203-1234\jars\maven-core-3.9.6.jar
2024-06-12 16:09:25,463 [Worker-8: Launching Executing verify in D__Spring Security_springsecurity_SpringSecurity] INFO  o.eclipse.m2e.core.internal.Bundles - 	Entry: C:\sts-4.22.1.RELEASE\plugins\org.eclipse.m2e.maven.runtime_3.9.600.20231203-1234\jars\maven-embedder-3.9.6.jar
2024-06-12 16:09:25,463 [Worker-8: Launching Executing verify in D__Spring Security_springsecurity_SpringSecurity] INFO  o.eclipse.m2e.core.internal.Bundles - 	Entry: C:\sts-4.22.1.RELEASE\plugins\org.eclipse.m2e.maven.runtime_3.9.600.20231203-1234\jars\maven-model-3.9.6.jar
2024-06-12 16:09:25,464 [Worker-8: Launching Executing verify in D__Spring Security_springsecurity_SpringSecurity] INFO  o.eclipse.m2e.core.internal.Bundles - 	Entry: C:\sts-4.22.1.RELEASE\plugins\org.eclipse.m2e.maven.runtime_3.9.600.20231203-1234\jars\maven-model-builder-3.9.6.jar
2024-06-12 16:09:25,464 [Worker-8: Launching Executing verify in D__Spring Security_springsecurity_SpringSecurity] INFO  o.eclipse.m2e.core.internal.Bundles - 	Entry: C:\sts-4.22.1.RELEASE\plugins\org.eclipse.m2e.maven.runtime_3.9.600.20231203-1234\jars\maven-plugin-api-3.9.6.jar
2024-06-12 16:09:25,464 [Worker-8: Launching Executing verify in D__Spring Security_springsecurity_SpringSecurity] INFO  o.eclipse.m2e.core.internal.Bundles - 	Entry: C:\sts-4.22.1.RELEASE\plugins\org.eclipse.m2e.maven.runtime_3.9.600.20231203-1234\jars\maven-repository-metadata-3.9.6.jar
2024-06-12 16:09:25,464 [Worker-8: Launching Executing verify in D__Spring Security_springsecurity_SpringSecurity] INFO  o.eclipse.m2e.core.internal.Bundles - 	Entry: C:\sts-4.22.1.RELEASE\plugins\org.eclipse.m2e.maven.runtime_3.9.600.20231203-1234\jars\maven-resolver-api-1.9.18.jar
2024-06-12 16:09:25,464 [Worker-8: Launching Executing verify in D__Spring Security_springsecurity_SpringSecurity] INFO  o.eclipse.m2e.core.internal.Bundles - 	Entry: C:\sts-4.22.1.RELEASE\plugins\org.eclipse.m2e.maven.runtime_3.9.600.20231203-1234\jars\maven-resolver-connector-basic-1.9.18.jar
2024-06-12 16:09:25,464 [Worker-8: Launching Executing verify in D__Spring Security_springsecurity_SpringSecurity] INFO  o.eclipse.m2e.core.internal.Bundles - 	Entry: C:\sts-4.22.1.RELEASE\plugins\org.eclipse.m2e.maven.runtime_3.9.600.20231203-1234\jars\maven-resolver-impl-1.9.18.jar
2024-06-12 16:09:25,464 [Worker-8: Launching Executing verify in D__Spring Security_springsecurity_SpringSecurity] INFO  o.eclipse.m2e.core.internal.Bundles - 	Entry: C:\sts-4.22.1.RELEASE\plugins\org.eclipse.m2e.maven.runtime_3.9.600.20231203-1234\jars\maven-resolver-named-locks-1.9.18.jar
2024-06-12 16:09:25,464 [Worker-8: Launching Executing verify in D__Spring Security_springsecurity_SpringSecurity] INFO  o.eclipse.m2e.core.internal.Bundles - 	Entry: C:\sts-4.22.1.RELEASE\plugins\org.eclipse.m2e.maven.runtime_3.9.600.20231203-1234\jars\maven-resolver-provider-3.9.6.jar
2024-06-12 16:09:25,465 [Worker-8: Launching Executing verify in D__Spring Security_springsecurity_SpringSecurity] INFO  o.eclipse.m2e.core.internal.Bundles - 	Entry: C:\sts-4.22.1.RELEASE\plugins\org.eclipse.m2e.maven.runtime_3.9.600.20231203-1234\jars\maven-resolver-spi-1.9.18.jar
2024-06-12 16:09:25,465 [Worker-8: Launching Executing verify in D__Spring Security_springsecurity_SpringSecurity] INFO  o.eclipse.m2e.core.internal.Bundles - 	Entry: C:\sts-4.22.1.RELEASE\plugins\org.eclipse.m2e.maven.runtime_3.9.600.20231203-1234\jars\maven-resolver-transport-file-1.9.18.jar
2024-06-12 16:09:25,465 [Worker-8: Launching Executing verify in D__Spring Security_springsecurity_SpringSecurity] INFO  o.eclipse.m2e.core.internal.Bundles - 	Entry: C:\sts-4.22.1.RELEASE\plugins\org.eclipse.m2e.maven.runtime_3.9.600.20231203-1234\jars\maven-resolver-transport-http-1.9.18.jar
2024-06-12 16:09:25,465 [Worker-8: Launching Executing verify in D__Spring Security_springsecurity_SpringSecurity] INFO  o.eclipse.m2e.core.internal.Bundles - 	Entry: C:\sts-4.22.1.RELEASE\plugins\org.eclipse.m2e.maven.runtime_3.9.600.20231203-1234\jars\maven-resolver-transport-wagon-1.9.18.jar
2024-06-12 16:09:25,465 [Worker-8: Launching Executing verify in D__Spring Security_springsecurity_SpringSecurity] INFO  o.eclipse.m2e.core.internal.Bundles - 	Entry: C:\sts-4.22.1.RELEASE\plugins\org.eclipse.m2e.maven.runtime_3.9.600.20231203-1234\jars\maven-resolver-util-1.9.18.jar
2024-06-12 16:09:25,465 [Worker-8: Launching Executing verify in D__Spring Security_springsecurity_SpringSecurity] INFO  o.eclipse.m2e.core.internal.Bundles - 	Entry: C:\sts-4.22.1.RELEASE\plugins\org.eclipse.m2e.maven.runtime_3.9.600.20231203-1234\jars\maven-settings-3.9.6.jar
2024-06-12 16:09:25,465 [Worker-8: Launching Executing verify in D__Spring Security_springsecurity_SpringSecurity] INFO  o.eclipse.m2e.core.internal.Bundles - 	Entry: C:\sts-4.22.1.RELEASE\plugins\org.eclipse.m2e.maven.runtime_3.9.600.20231203-1234\jars\maven-settings-builder-3.9.6.jar
2024-06-12 16:09:25,466 [Worker-8: Launching Executing verify in D__Spring Security_springsecurity_SpringSecurity] INFO  o.eclipse.m2e.core.internal.Bundles - 	Entry: C:\sts-4.22.1.RELEASE\plugins\org.eclipse.m2e.maven.runtime_3.9.600.20231203-1234\jars\maven-shared-utils-3.3.4.jar
2024-06-12 16:09:25,466 [Worker-8: Launching Executing verify in D__Spring Security_springsecurity_SpringSecurity] INFO  o.eclipse.m2e.core.internal.Bundles - 	Entry: C:\sts-4.22.1.RELEASE\plugins\org.eclipse.m2e.maven.runtime_3.9.600.20231203-1234\jars\org.eclipse.sisu.inject-0.9.0.M2.jar
2024-06-12 16:09:25,466 [Worker-8: Launching Executing verify in D__Spring Security_springsecurity_SpringSecurity] INFO  o.eclipse.m2e.core.internal.Bundles - 	Entry: C:\sts-4.22.1.RELEASE\plugins\org.eclipse.m2e.maven.runtime_3.9.600.20231203-1234\jars\org.eclipse.sisu.plexus-0.9.0.M2.jar
2024-06-12 16:09:25,466 [Worker-8: Launching Executing verify in D__Spring Security_springsecurity_SpringSecurity] INFO  o.eclipse.m2e.core.internal.Bundles - 	Entry: C:\sts-4.22.1.RELEASE\plugins\org.eclipse.m2e.maven.runtime_3.9.600.20231203-1234\jars\plexus-build-api-0.0.7.jar
2024-06-12 16:09:25,466 [Worker-8: Launching Executing verify in D__Spring Security_springsecurity_SpringSecurity] INFO  o.eclipse.m2e.core.internal.Bundles - 	Entry: C:\sts-4.22.1.RELEASE\plugins\org.eclipse.m2e.maven.runtime_3.9.600.20231203-1234\jars\plexus-cipher-2.0.jar
2024-06-12 16:09:25,466 [Worker-8: Launching Executing verify in D__Spring Security_springsecurity_SpringSecurity] INFO  o.eclipse.m2e.core.internal.Bundles - 	Entry: C:\sts-4.22.1.RELEASE\plugins\org.eclipse.m2e.maven.runtime_3.9.600.20231203-1234\jars\plexus-classworlds-2.7.0.jar
2024-06-12 16:09:25,466 [Worker-8: Launching Executing verify in D__Spring Security_springsecurity_SpringSecurity] INFO  o.eclipse.m2e.core.internal.Bundles - 	Entry: C:\sts-4.22.1.RELEASE\plugins\org.eclipse.m2e.maven.runtime_3.9.600.20231203-1234\jars\plexus-component-annotations-2.1.0.jar
2024-06-12 16:09:25,467 [Worker-8: Launching Executing verify in D__Spring Security_springsecurity_SpringSecurity] INFO  o.eclipse.m2e.core.internal.Bundles - 	Entry: C:\sts-4.22.1.RELEASE\plugins\org.eclipse.m2e.maven.runtime_3.9.600.20231203-1234\jars\plexus-interpolation-1.26.jar
2024-06-12 16:09:25,467 [Worker-8: Launching Executing verify in D__Spring Security_springsecurity_SpringSecurity] INFO  o.eclipse.m2e.core.internal.Bundles - 	Entry: C:\sts-4.22.1.RELEASE\plugins\org.eclipse.m2e.maven.runtime_3.9.600.20231203-1234\jars\plexus-sec-dispatcher-2.0.jar
2024-06-12 16:09:25,467 [Worker-8: Launching Executing verify in D__Spring Security_springsecurity_SpringSecurity] INFO  o.eclipse.m2e.core.internal.Bundles - 	Entry: C:\sts-4.22.1.RELEASE\plugins\org.eclipse.m2e.maven.runtime_3.9.600.20231203-1234\jars\plexus-utils-3.5.1.jar
2024-06-12 16:09:25,467 [Worker-8: Launching Executing verify in D__Spring Security_springsecurity_SpringSecurity] INFO  o.eclipse.m2e.core.internal.Bundles - 	Entry: C:\sts-4.22.1.RELEASE\plugins\org.eclipse.m2e.maven.runtime_3.9.600.20231203-1234\jars\wagon-file-3.5.3.jar
2024-06-12 16:09:25,467 [Worker-8: Launching Executing verify in D__Spring Security_springsecurity_SpringSecurity] INFO  o.eclipse.m2e.core.internal.Bundles - 	Entry: C:\sts-4.22.1.RELEASE\plugins\org.eclipse.m2e.maven.runtime_3.9.600.20231203-1234\jars\wagon-http-3.5.3.jar
2024-06-12 16:09:25,467 [Worker-8: Launching Executing verify in D__Spring Security_springsecurity_SpringSecurity] INFO  o.eclipse.m2e.core.internal.Bundles - 	Entry: C:\sts-4.22.1.RELEASE\plugins\org.eclipse.m2e.maven.runtime_3.9.600.20231203-1234\jars\wagon-http-shared-3.5.3.jar
2024-06-12 16:09:25,467 [Worker-8: Launching Executing verify in D__Spring Security_springsecurity_SpringSecurity] INFO  o.eclipse.m2e.core.internal.Bundles - 	Entry: C:\sts-4.22.1.RELEASE\plugins\org.eclipse.m2e.maven.runtime_3.9.600.20231203-1234\jars\wagon-provider-api-3.5.3.jar
2024-06-12 16:09:25,469 [Worker-8: Launching Executing verify in D__Spring Security_springsecurity_SpringSecurity] INFO  o.eclipse.m2e.core.internal.Bundles - getClasspathEntries(Bundle=com.google.guava_33.0.0.jre [27])
2024-06-12 16:09:25,469 [Worker-8: Launching Executing verify in D__Spring Security_springsecurity_SpringSecurity] INFO  o.eclipse.m2e.core.internal.Bundles - 	Entry: C:\sts-4.22.1.RELEASE\plugins\com.google.guava_33.0.0.jre.jar
2024-06-12 16:09:25,469 [Worker-8: Launching Executing verify in D__Spring Security_springsecurity_SpringSecurity] INFO  o.eclipse.m2e.core.internal.Bundles - getClasspathEntries(Bundle=slf4j.api_2.0.12 [584])
2024-06-12 16:09:25,469 [Worker-8: Launching Executing verify in D__Spring Security_springsecurity_SpringSecurity] INFO  o.eclipse.m2e.core.internal.Bundles - 	Entry: C:\sts-4.22.1.RELEASE\plugins\slf4j.api_2.0.12.jar
2024-06-12 16:09:25,469 [Worker-8: Launching Executing verify in D__Spring Security_springsecurity_SpringSecurity] INFO  o.eclipse.m2e.core.internal.Bundles - getClasspathEntries(Bundle=jakarta.inject.jakarta.inject-api_1.0.5 [44])
2024-06-12 16:09:25,470 [Worker-8: Launching Executing verify in D__Spring Security_springsecurity_SpringSecurity] INFO  o.eclipse.m2e.core.internal.Bundles - 	Entry: C:\sts-4.22.1.RELEASE\plugins\jakarta.inject.jakarta.inject-api_1.0.5.jar
2024-06-12 16:09:25,470 [Worker-8: Launching Executing verify in D__Spring Security_springsecurity_SpringSecurity] INFO  o.eclipse.m2e.core.internal.Bundles - getClasspathEntries(Bundle=jakarta.annotation-api_1.3.5 [40])
2024-06-12 16:09:25,470 [Worker-8: Launching Executing verify in D__Spring Security_springsecurity_SpringSecurity] INFO  o.eclipse.m2e.core.internal.Bundles - 	Entry: C:\sts-4.22.1.RELEASE\plugins\jakarta.annotation-api_1.3.5.jar
2024-06-12 16:09:25,470 [Worker-8: Launching Executing verify in D__Spring Security_springsecurity_SpringSecurity] INFO  o.eclipse.m2e.core.internal.Bundles - getClasspathEntries(Bundle=org.apache.commons.cli_1.6.0 [75])
2024-06-12 16:09:25,470 [Worker-8: Launching Executing verify in D__Spring Security_springsecurity_SpringSecurity] INFO  o.eclipse.m2e.core.internal.Bundles - 	Entry: C:\sts-4.22.1.RELEASE\plugins\org.apache.commons.cli_1.6.0.jar
2024-06-12 16:09:25,470 [Worker-8: Launching Executing verify in D__Spring Security_springsecurity_SpringSecurity] INFO  o.eclipse.m2e.core.internal.Bundles - getClasspathEntries(Bundle=org.apache.commons.commons-codec_1.16.0 [77])
2024-06-12 16:09:25,471 [Worker-8: Launching Executing verify in D__Spring Security_springsecurity_SpringSecurity] INFO  o.eclipse.m2e.core.internal.Bundles - 	Entry: C:\sts-4.22.1.RELEASE\plugins\org.apache.commons.commons-codec_1.16.0.jar
2024-06-12 16:09:25,471 [Worker-8: Launching Executing verify in D__Spring Security_springsecurity_SpringSecurity] INFO  o.eclipse.m2e.core.internal.Bundles - getClasspathEntries(Bundle=org.apache.commons.lang3_3.14.0 [81])
2024-06-12 16:09:25,471 [Worker-8: Launching Executing verify in D__Spring Security_springsecurity_SpringSecurity] INFO  o.eclipse.m2e.core.internal.Bundles - 	Entry: C:\sts-4.22.1.RELEASE\plugins\org.apache.commons.lang3_3.14.0.jar
2024-06-12 16:09:25,471 [Worker-8: Launching Executing verify in D__Spring Security_springsecurity_SpringSecurity] INFO  o.eclipse.m2e.core.internal.Bundles - getClasspathEntries(Bundle=com.google.guava.failureaccess_1.0.2 [29])
2024-06-12 16:09:25,471 [Worker-8: Launching Executing verify in D__Spring Security_springsecurity_SpringSecurity] INFO  o.eclipse.m2e.core.internal.Bundles - 	Entry: C:\sts-4.22.1.RELEASE\plugins\com.google.guava.failureaccess_1.0.2.jar
2024-06-12 16:09:25,479 [Worker-8: Launching Executing verify in D__Spring Security_springsecurity_SpringSecurity] INFO  o.e.m.i.launch.MavenLaunchDelegate - Run build in "D:\Spring Security\springsecurity\SpringSecurity":
2024-06-12 16:09:25,483 [Worker-8: Launching Executing verify in D__Spring Security_springsecurity_SpringSecurity] INFO  o.e.m.i.launch.MavenLaunchDelegate -  mvn  -B -Dstyle.color=always verify
2024-06-14 18:03:13,997 [Worker-6: Loading available Gradle versions] INFO  o.e.b.c.i.u.g.PublishedGradleVersions - Gradle version information cache is out-of-date. Trying to update.
2024-06-14 18:03:25,124 [Worker-6: Building] INFO  o.e.m.c.i.l.LifecycleMappingFactory - Using org.eclipse.m2e.jdt.JarLifecycleMapping lifecycle mapping for MavenProject: com.app:SpringSecurity:0.0.1-SNAPSHOT @ D:\Spring Security\springsecurity\SpringSecurity\pom.xml.
2024-06-14 18:03:27,539 [Worker-6: Building] INFO  o.a.m.s.f.DefaultMavenResourcesFiltering - Copying 1 resource from src\main\resources to target\classes
2024-06-14 18:03:27,562 [Worker-6: Building] INFO  o.a.m.s.f.DefaultMavenResourcesFiltering - Copying 0 resource from src\main\resources to target\classes
2024-06-14 18:03:27,570 [Worker-6: Building] INFO  o.a.m.s.f.DefaultMavenResourcesFiltering - skip non existing resourceDirectory D:\Spring Security\springsecurity\SpringSecurity\src\test\resources
2024-06-14 18:03:28,917 [Worker-6: Updating Maven Dependencies] INFO  o.e.m.c.i.l.LifecycleMappingFactory - Using org.eclipse.m2e.jdt.JarLifecycleMapping lifecycle mapping for MavenProject: com.app:SpringSecurity:0.0.1-SNAPSHOT @ D:\Spring Security\springsecurity\SpringSecurity\pom.xml.
2024-06-14 18:05:47,414 [Worker-6: Building] INFO  o.a.m.s.f.DefaultMavenResourcesFiltering - Copying 1 resource from src\main\resources to target\classes
2024-06-14 18:05:47,437 [Worker-6: Building] INFO  o.a.m.s.f.DefaultMavenResourcesFiltering - Copying 0 resource from src\main\resources to target\classes
2024-06-14 18:05:47,442 [Worker-6: Building] INFO  o.a.m.s.f.DefaultMavenResourcesFiltering - skip non existing resourceDirectory D:\Spring Security\springsecurity\SpringSecurity\src\test\resources
2024-06-14 18:08:04,505 [Worker-11: Building] INFO  o.a.m.s.f.DefaultMavenResourcesFiltering - Copying 1 resource from src\main\resources to target\classes
2024-06-14 18:08:04,511 [Worker-11: Building] INFO  o.a.m.s.f.DefaultMavenResourcesFiltering - Copying 0 resource from src\main\resources to target\classes
2024-06-14 18:08:04,515 [Worker-11: Building] INFO  o.a.m.s.f.DefaultMavenResourcesFiltering - skip non existing resourceDirectory D:\Spring Security\springsecurity\SpringSecurity\src\test\resources
2024-06-14 18:25:00,877 [Worker-6: Loading available Gradle versions] INFO  o.e.b.c.i.u.g.PublishedGradleVersions - Gradle version information cache is up-to-date. Trying to read.
